Start testing: Feb 23 20:34 PST
----------------------------------------------------------
1/1 Testing: napi_v8_tier1_tests
1/1 Test: napi_v8_tier1_tests
Command: "/Users/syrusakbary/Development/node-napi/napi-v8/build-local-v8/tests/napi_v8_tier1_tests"
Directory: /Users/syrusakbary/Development/node-napi/napi-v8/build-local-v8/tests
"napi_v8_tier1_tests" start time: Feb 23 20:34 PST
Output:
----------------------------------------------------------
Running main() from /Users/syrusakbary/Development/node-napi/node/deps/googletest/src/gtest_main.cc
[==========] Running 2 tests from 1 test suite.
[----------] Global test environment set-up.
[----------] 2 tests from NapiV8Test
[ RUN      ] NapiV8Test.Ported2FunctionArguments
[       OK ] NapiV8Test.Ported2FunctionArguments (0 ms)
[ RUN      ] NapiV8Test.Ported3Callbacks
[       OK ] NapiV8Test.Ported3Callbacks (0 ms)
[----------] 2 tests from NapiV8Test (1 ms total)

[----------] Global test environment tear-down
[==========] 2 tests from 1 test suite ran. (7 ms total)
[  PASSED  ] 2 tests.
<end of output>
Test time =   0.20 sec
----------------------------------------------------------
Test Passed.
"napi_v8_tier1_tests" end time: Feb 23 20:34 PST
"napi_v8_tier1_tests" time elapsed: 00:00:00
----------------------------------------------------------

End testing: Feb 23 20:34 PST
